<?xml version="1.0" encoding="UTF-8"?>
<testsuite xmlns:xsi="http://www.w3.org/2001/XMLSchema-instance" xsi:noNamespaceSchemaLocation="https://maven.apache.org/surefire/maven-surefire-plugin/xsd/surefire-test-report.xsd" name="LcwaikikiSepetTest" time="0.863" tests="1" errors="1" skipped="0" failures="0">
  <properties>
[...]
</properties>
  <testcase name="LcwaikikiSepetTest" classname="LcwaikikiSepetTest" time="0.86">
    <error message="Cannot invoke &quot;org.openqa.selenium.WebDriver.get(String)&quot; because &quot;this.driver&quot; is null" type="java.lang.NullPointerException">java.lang.NullPointerException: Cannot invoke "org.openqa.selenium.WebDriver.get(String)" because "this.driver" is null
</error>
    <system-out><![CDATA[2021-10-03 02:18:59,314 INFO  [WebDriverManager] Using chromedriver 94.0.4606.61 (resolved driver for Chrome 94) 
2021-10-03 02:18:59,354 INFO  [WebDriverManager] Exporting webdriver.chrome.driver as C:\Users\abdullah\.cache\selenium\chromedriver\win32\94.0.4606.61\chromedriver.exe 
]]></system-out>
  </testcase>
</testsuite>